2017/06/19 20:44:58 [error] [exception.CHttpException.404] exception 'CHttpException' with message 'Unable to resolve the request "themes/default/home/img/loading.gif".' in /home/aromm4vb/public_html/dealrush.in/naturaxion/framework/web/CWebApplication.php:286
Stack trace:
#0 /home/aromm4vb/public_html/dealrush.in/naturaxion/framework/web/CWebApplication.php(141): CWebApplication->runController('themes/default/...')
#1 /home/aromm4vb/public_html/dealrush.in/naturaxion/framework/base/CApplication.php(184): CWebApplication->processRequest()
#2 /home/aromm4vb/public_html/dealrush.in/naturaxion/index.php(13): CApplication->run()
#3 {main}
REQUEST_URI=/naturaxion/themes/home/img/loading.gif
HTTP_REFERER=http://dealrush.in/naturaxion/
---
2017/06/20 03:06:49 [error] [exception.CHttpException.404] exception 'CHttpException' with message 'Unable to resolve the request "themes/default/home/img/loading.gif".' in /home/aromm4vb/public_html/dealrush.in/naturaxion/framework/web/CWebApplication.php:286
Stack trace:
#0 /home/aromm4vb/public_html/dealrush.in/naturaxion/framework/web/CWebApplication.php(141): CWebApplication->runController('themes/default/...')
#1 /home/aromm4vb/public_html/dealrush.in/naturaxion/framework/base/CApplication.php(184): CWebApplication->processRequest()
#2 /home/aromm4vb/public_html/dealrush.in/naturaxion/index.php(13): CApplication->run()
#3 {main}
REQUEST_URI=/naturaxion/themes/home/img/loading.gif
HTTP_REFERER=http://www.dealrush.in/naturaxion/
---
2017/06/20 03:54:58 [error] [exception.CHttpException.404] exception 'CHttpException' with message 'Unable to resolve the request "themes/default/home/img/loading.gif".' in /home/aromm4vb/public_html/dealrush.in/naturaxion/framework/web/CWebApplication.php:286
Stack trace:
#0 /home/aromm4vb/public_html/dealrush.in/naturaxion/framework/web/CWebApplication.php(141): CWebApplication->runController('themes/default/...')
#1 /home/aromm4vb/public_html/dealrush.in/naturaxion/framework/base/CApplication.php(184): CWebApplication->processRequest()
#2 /home/aromm4vb/public_html/dealrush.in/naturaxion/index.php(13): CApplication->run()
#3 {main}
REQUEST_URI=/naturaxion/themes/home/img/loading.gif
HTTP_REFERER=http://www.dealrush.in/naturaxion/
---
2017/06/20 03:55:54 [error] [exception.CHttpException.404] exception 'CHttpException' with message 'Unable to resolve the request "img/img7.jpg".' in /home/aromm4vb/public_html/dealrush.in/naturaxion/framework/web/CWebApplication.php:286
Stack trace:
#0 /home/aromm4vb/public_html/dealrush.in/naturaxion/framework/web/CWebApplication.php(141): CWebApplication->runController('img/img7.jpg')
#1 /home/aromm4vb/public_html/dealrush.in/naturaxion/framework/base/CApplication.php(184): CWebApplication->processRequest()
#2 /home/aromm4vb/public_html/dealrush.in/naturaxion/index.php(13): CApplication->run()
#3 {main}
REQUEST_URI=/naturaxion/img/img7.jpg
HTTP_REFERER=http://www.dealrush.in/naturaxion/product?name=test-product
---
2017/06/20 03:55:54 [error] [exception.CHttpException.404] exception 'CHttpException' with message 'Unable to resolve the request "img/img6.jpg".' in /home/aromm4vb/public_html/dealrush.in/naturaxion/framework/web/CWebApplication.php:286
Stack trace:
#0 /home/aromm4vb/public_html/dealrush.in/naturaxion/framework/web/CWebApplication.php(141): CWebApplication->runController('img/img6.jpg')
#1 /home/aromm4vb/public_html/dealrush.in/naturaxion/framework/base/CApplication.php(184): CWebApplication->processRequest()
#2 /home/aromm4vb/public_html/dealrush.in/naturaxion/index.php(13): CApplication->run()
#3 {main}
REQUEST_URI=/naturaxion/img/img6.jpg
HTTP_REFERER=http://www.dealrush.in/naturaxion/product?name=test-product
---
2017/06/20 03:55:54 [error] [exception.CHttpException.404] exception 'CHttpException' with message 'Unable to resolve the request "img/img8.jpg".' in /home/aromm4vb/public_html/dealrush.in/naturaxion/framework/web/CWebApplication.php:286
Stack trace:
#0 /home/aromm4vb/public_html/dealrush.in/naturaxion/framework/web/CWebApplication.php(141): CWebApplication->runController('img/img8.jpg')
#1 /home/aromm4vb/public_html/dealrush.in/naturaxion/framework/base/CApplication.php(184): CWebApplication->processRequest()
#2 /home/aromm4vb/public_html/dealrush.in/naturaxion/index.php(13): CApplication->run()
#3 {main}
REQUEST_URI=/naturaxion/img/img8.jpg
HTTP_REFERER=http://www.dealrush.in/naturaxion/product?name=test-product
---
2017/06/20 03:55:54 [error] [exception.CHttpException.404] exception 'CHttpException' with message 'Unable to resolve the request "img/Star.png".' in /home/aromm4vb/public_html/dealrush.in/naturaxion/framework/web/CWebApplication.php:286
Stack trace:
#0 /home/aromm4vb/public_html/dealrush.in/naturaxion/framework/web/CWebApplication.php(141): CWebApplication->runController('img/Star.png')
#1 /home/aromm4vb/public_html/dealrush.in/naturaxion/framework/base/CApplication.php(184): CWebApplication->processRequest()
#2 /home/aromm4vb/public_html/dealrush.in/naturaxion/index.php(13): CApplication->run()
#3 {main}
REQUEST_URI=/naturaxion/img/Star.png
HTTP_REFERER=http://www.dealrush.in/naturaxion/product?name=test-product
---
2017/06/20 03:56:12 [error] [exception.CHttpException.404] exception 'CHttpException' with message 'Unable to resolve the request "themes/default/home/img/loading.gif".' in /home/aromm4vb/public_html/dealrush.in/naturaxion/framework/web/CWebApplication.php:286
Stack trace:
#0 /home/aromm4vb/public_html/dealrush.in/naturaxion/framework/web/CWebApplication.php(141): CWebApplication->runController('themes/default/...')
#1 /home/aromm4vb/public_html/dealrush.in/naturaxion/framework/base/CApplication.php(184): CWebApplication->processRequest()
#2 /home/aromm4vb/public_html/dealrush.in/naturaxion/index.php(13): CApplication->run()
#3 {main}
REQUEST_URI=/naturaxion/themes/home/img/loading.gif
HTTP_REFERER=http://www.dealrush.in/naturaxion/index.php
---
2017/06/20 05:16:30 [error] [exception.CHttpException.404] exception 'CHttpException' with message 'Unable to resolve the request "themes/default/home/img/loading.gif".' in /home/aromm4vb/public_html/dealrush.in/naturaxion/framework/web/CWebApplication.php:286
Stack trace:
#0 /home/aromm4vb/public_html/dealrush.in/naturaxion/framework/web/CWebApplication.php(141): CWebApplication->runController('themes/default/...')
#1 /home/aromm4vb/public_html/dealrush.in/naturaxion/framework/base/CApplication.php(184): CWebApplication->processRequest()
#2 /home/aromm4vb/public_html/dealrush.in/naturaxion/index.php(13): CApplication->run()
#3 {main}
REQUEST_URI=/naturaxion/themes/home/img/loading.gif
HTTP_REFERER=http://www.dealrush.in/naturaxion/
---
2017/06/20 06:49:05 [error] [exception.CHttpException.404] exception 'CHttpException' with message 'Unable to resolve the request "themes/default/home/img/loading.gif".' in /home/aromm4vb/public_html/dealrush.in/naturaxion/framework/web/CWebApplication.php:286
Stack trace:
#0 /home/aromm4vb/public_html/dealrush.in/naturaxion/framework/web/CWebApplication.php(141): CWebApplication->runController('themes/default/...')
#1 /home/aromm4vb/public_html/dealrush.in/naturaxion/framework/base/CApplication.php(184): CWebApplication->processRequest()
#2 /home/aromm4vb/public_html/dealrush.in/naturaxion/index.php(13): CApplication->run()
#3 {main}
REQUEST_URI=/naturaxion/themes/home/img/loading.gif
HTTP_REFERER=http://www.dealrush.in/naturaxion/index.php
---
2017/06/20 08:28:47 [error] [exception.CHttpException.404] exception 'CHttpException' with message 'Unable to resolve the request "themes/default/home/img/loading.gif".' in /home/aromm4vb/public_html/dealrush.in/naturaxion/framework/web/CWebApplication.php:286
Stack trace:
#0 /home/aromm4vb/public_html/dealrush.in/naturaxion/framework/web/CWebApplication.php(141): CWebApplication->runController('themes/default/...')
#1 /home/aromm4vb/public_html/dealrush.in/naturaxion/framework/base/CApplication.php(184): CWebApplication->processRequest()
#2 /home/aromm4vb/public_html/dealrush.in/naturaxion/index.php(13): CApplication->run()
#3 {main}
REQUEST_URI=/naturaxion/themes/home/img/loading.gif
HTTP_REFERER=http://dealrush.in/naturaxion/
---
2017/06/20 08:53:37 [error] [php] Undefined offset: 0 (/home/aromm4vb/public_html/dealrush.in/naturaxion/protected/modules/home/views/default/_product.php:6)
Stack trace:
#0 /home/aromm4vb/public_html/dealrush.in/naturaxion/framework/zii/widgets/CListView.php(291): DefaultController->renderFile()
#1 /home/aromm4vb/public_html/dealrush.in/naturaxion/framework/zii/widgets/CBaseListView.php(181): CListView->renderItems()
#2 unknown(0): CListView->renderSection()
#3 /home/aromm4vb/public_html/dealrush.in/naturaxion/framework/zii/widgets/CBaseListView.php(164): preg_replace_callback()
#4 /home/aromm4vb/public_html/dealrush.in/naturaxion/framework/zii/widgets/CBaseListView.php(149): CListView->renderContent()
#5 /home/aromm4vb/public_html/dealrush.in/naturaxion/framework/web/CBaseController.php(181): CListView->run()
#6 /home/aromm4vb/public_html/dealrush.in/naturaxion/protected/modules/home/views/default/products.php(48): DefaultController->widget()
#7 /home/aromm4vb/public_html/dealrush.in/naturaxion/framework/web/CBaseController.php(126): require()
#8 /home/aromm4vb/public_html/dealrush.in/naturaxion/framework/web/CBaseController.php(95): DefaultController->renderInternal()
#9 /home/aromm4vb/public_html/dealrush.in/naturaxion/framework/web/CController.php(869): DefaultController->renderFile()
#10 /home/aromm4vb/public_html/dealrush.in/naturaxion/framework/web/CController.php(782): DefaultController->renderPartial()
#11 /home/aromm4vb/public_html/dealrush.in/naturaxion/protected/modules/home/controllers/DefaultController.php(66): DefaultController->render()
#12 /home/aromm4vb/public_html/dealrush.in/naturaxion/framework/web/actions/CInlineAction.php(49): DefaultController->actionProducts()
#13 /home/aromm4vb/public_html/dealrush.in/naturaxion/framework/web/CController.php(308): CInlineAction->runWithParams()
#14 /home/aromm4vb/public_html/dealrush.in/naturaxion/framework/web/CController.php(286): DefaultController->runAction()
#15 /home/aromm4vb/public_html/dealrush.in/naturaxion/framework/web/CController.php(265): DefaultController->runActionWithFilters()
#16 /home/aromm4vb/public_html/dealrush.in/naturaxion/framework/web/CWebApplication.php(282): DefaultController->run()
#17 /home/aromm4vb/public_html/dealrush.in/naturaxion/framework/web/CWebApplication.php(141): CWebApplication->runController()
#18 /home/aromm4vb/public_html/dealrush.in/naturaxion/framework/base/CApplication.php(184): CWebApplication->processRequest()
#19 /home/aromm4vb/public_html/dealrush.in/naturaxion/index.php(13): CWebApplication->run()
REQUEST_URI=/naturaxion/index.php/products
in /home/aromm4vb/public_html/dealrush.in/naturaxion/protected/modules/home/views/default/_product.php (6)
in /home/aromm4vb/public_html/dealrush.in/naturaxion/protected/modules/home/views/default/products.php (48)
in /home/aromm4vb/public_html/dealrush.in/naturaxion/protected/modules/home/controllers/DefaultController.php (66)
2017/06/20 10:36:40 [error] [exception.CHttpException.404] exception 'CHttpException' with message 'Unable to resolve the request "a".' in /home/aromm4vb/public_html/dealrush.in/naturaxion/framework/web/CWebApplication.php:286
Stack trace:
#0 /home/aromm4vb/public_html/dealrush.in/naturaxion/framework/web/CWebApplication.php(141): CWebApplication->runController('a')
#1 /home/aromm4vb/public_html/dealrush.in/naturaxion/framework/base/CApplication.php(184): CWebApplication->processRequest()
#2 /home/aromm4vb/public_html/dealrush.in/naturaxion/index.php(13): CApplication->run()
#3 {main}
REQUEST_URI=/naturaxion/a
---
2017/06/20 10:36:40 [error] [exception.CHttpException.404] exception 'CHttpException' with message 'Unable to resolve the request "ad".' in /home/aromm4vb/public_html/dealrush.in/naturaxion/framework/web/CWebApplication.php:286
Stack trace:
#0 /home/aromm4vb/public_html/dealrush.in/naturaxion/framework/web/CWebApplication.php(141): CWebApplication->runController('ad')
#1 /home/aromm4vb/public_html/dealrush.in/naturaxion/framework/base/CApplication.php(184): CWebApplication->processRequest()
#2 /home/aromm4vb/public_html/dealrush.in/naturaxion/index.php(13): CApplication->run()
#3 {main}
REQUEST_URI=/naturaxion/ad
---
2017/06/20 10:36:41 [error] [exception.CHttpException.404] exception 'CHttpException' with message 'Unable to resolve the request "adm".' in /home/aromm4vb/public_html/dealrush.in/naturaxion/framework/web/CWebApplication.php:286
Stack trace:
#0 /home/aromm4vb/public_html/dealrush.in/naturaxion/framework/web/CWebApplication.php(141): CWebApplication->runController('adm')
#1 /home/aromm4vb/public_html/dealrush.in/naturaxion/framework/base/CApplication.php(184): CWebApplication->processRequest()
#2 /home/aromm4vb/public_html/dealrush.in/naturaxion/index.php(13): CApplication->run()
#3 {main}
REQUEST_URI=/naturaxion/adm
---
2017/06/20 10:36:41 [error] [exception.CHttpException.404] exception 'CHttpException' with message 'Unable to resolve the request "admi".' in /home/aromm4vb/public_html/dealrush.in/naturaxion/framework/web/CWebApplication.php:286
Stack trace:
#0 /home/aromm4vb/public_html/dealrush.in/naturaxion/framework/web/CWebApplication.php(141): CWebApplication->runController('admi')
#1 /home/aromm4vb/public_html/dealrush.in/naturaxion/framework/base/CApplication.php(184): CWebApplication->processRequest()
#2 /home/aromm4vb/public_html/dealrush.in/naturaxion/index.php(13): CApplication->run()
#3 {main}
REQUEST_URI=/naturaxion/admi
---
2017/06/20 10:36:43 [error] [exception.CHttpException.404] exception 'CHttpException' with message 'Unable to resolve the request "admin/l".' in /home/aromm4vb/public_html/dealrush.in/naturaxion/framework/web/CWebApplication.php:286
Stack trace:
#0 /home/aromm4vb/public_html/dealrush.in/naturaxion/framework/web/CWebApplication.php(141): CWebApplication->runController('admin/l')
#1 /home/aromm4vb/public_html/dealrush.in/naturaxion/framework/base/CApplication.php(184): CWebApplication->processRequest()
#2 /home/aromm4vb/public_html/dealrush.in/naturaxion/index.php(13): CApplication->run()
#3 {main}
REQUEST_URI=/naturaxion/admin/l
---
2017/06/20 10:36:43 [error] [exception.CHttpException.404] exception 'CHttpException' with message 'Unable to resolve the request "admin/lo".' in /home/aromm4vb/public_html/dealrush.in/naturaxion/framework/web/CWebApplication.php:286
Stack trace:
#0 /home/aromm4vb/public_html/dealrush.in/naturaxion/framework/web/CWebApplication.php(141): CWebApplication->runController('admin/lo')
#1 /home/aromm4vb/public_html/dealrush.in/naturaxion/framework/base/CApplication.php(184): CWebApplication->processRequest()
#2 /home/aromm4vb/public_html/dealrush.in/naturaxion/index.php(13): CApplication->run()
#3 {main}
REQUEST_URI=/naturaxion/admin/lo
---
2017/06/20 10:36:44 [error] [exception.CHttpException.404] exception 'CHttpException' with message 'Unable to resolve the request "admin/logi".' in /home/aromm4vb/public_html/dealrush.in/naturaxion/framework/web/CWebApplication.php:286
Stack trace:
#0 /home/aromm4vb/public_html/dealrush.in/naturaxion/framework/web/CWebApplication.php(141): CWebApplication->runController('admin/logi')
#1 /home/aromm4vb/public_html/dealrush.in/naturaxion/framework/base/CApplication.php(184): CWebApplication->processRequest()
#2 /home/aromm4vb/public_html/dealrush.in/naturaxion/index.php(13): CApplication->run()
#3 {main}
REQUEST_URI=/naturaxion/admin/logi
---
2017/06/20 10:40:19 [error] [exception.CHttpException.404] exception 'CHttpException' with message 'Unable to resolve the request "themes/default/home/img/loading.gif".' in /home/aromm4vb/public_html/dealrush.in/naturaxion/framework/web/CWebApplication.php:286
Stack trace:
#0 /home/aromm4vb/public_html/dealrush.in/naturaxion/framework/web/CWebApplication.php(141): CWebApplication->runController('themes/default/...')
#1 /home/aromm4vb/public_html/dealrush.in/naturaxion/framework/base/CApplication.php(184): CWebApplication->processRequest()
#2 /home/aromm4vb/public_html/dealrush.in/naturaxion/index.php(13): CApplication->run()
#3 {main}
REQUEST_URI=/naturaxion/themes/home/img/loading.gif
HTTP_REFERER=http://www.dealrush.in/naturaxion/
---
2017/06/20 10:52:00 [error] [exception.CHttpException.404] exception 'CHttpException' with message 'Unable to resolve the request "themes/default/home/img/loading.gif".' in /home/aromm4vb/public_html/dealrush.in/naturaxion/framework/web/CWebApplication.php:286
Stack trace:
#0 /home/aromm4vb/public_html/dealrush.in/naturaxion/framework/web/CWebApplication.php(141): CWebApplication->runController('themes/default/...')
#1 /home/aromm4vb/public_html/dealrush.in/naturaxion/framework/base/CApplication.php(184): CWebApplication->processRequest()
#2 /home/aromm4vb/public_html/dealrush.in/naturaxion/index.php(13): CApplication->run()
#3 {main}
REQUEST_URI=/naturaxion/themes/home/img/loading.gif
HTTP_REFERER=http://www.dealrush.in/naturaxion/
---
2017/06/20 10:52:40 [error] [exception.CHttpException.404] exception 'CHttpException' with message 'Unable to resolve the request "themes/default/home/img/loading.gif".' in /home/aromm4vb/public_html/dealrush.in/naturaxion/framework/web/CWebApplication.php:286
Stack trace:
#0 /home/aromm4vb/public_html/dealrush.in/naturaxion/framework/web/CWebApplication.php(141): CWebApplication->runController('themes/default/...')
#1 /home/aromm4vb/public_html/dealrush.in/naturaxion/framework/base/CApplication.php(184): CWebApplication->processRequest()
#2 /home/aromm4vb/public_html/dealrush.in/naturaxion/index.php(13): CApplication->run()
#3 {main}
REQUEST_URI=/naturaxion/themes/home/img/loading.gif
HTTP_REFERER=http://www.dealrush.in/naturaxion/index.php
---
2017/06/20 10:52:45 [error] [exception.CHttpException.404] exception 'CHttpException' with message 'Unable to resolve the request "img/img6.jpg".' in /home/aromm4vb/public_html/dealrush.in/naturaxion/framework/web/CWebApplication.php:286
Stack trace:
#0 /home/aromm4vb/public_html/dealrush.in/naturaxion/framework/web/CWebApplication.php(141): CWebApplication->runController('img/img6.jpg')
#1 /home/aromm4vb/public_html/dealrush.in/naturaxion/framework/base/CApplication.php(184): CWebApplication->processRequest()
#2 /home/aromm4vb/public_html/dealrush.in/naturaxion/index.php(13): CApplication->run()
#3 {main}
REQUEST_URI=/naturaxion/img/img6.jpg
HTTP_REFERER=http://www.dealrush.in/naturaxion/product?name=pre-prega
---
2017/06/20 10:52:45 [error] [exception.CHttpException.404] exception 'CHttpException' with message 'Unable to resolve the request "img/img7.jpg".' in /home/aromm4vb/public_html/dealrush.in/naturaxion/framework/web/CWebApplication.php:286
Stack trace:
#0 /home/aromm4vb/public_html/dealrush.in/naturaxion/framework/web/CWebApplication.php(141): CWebApplication->runController('img/img7.jpg')
#1 /home/aromm4vb/public_html/dealrush.in/naturaxion/framework/base/CApplication.php(184): CWebApplication->processRequest()
#2 /home/aromm4vb/public_html/dealrush.in/naturaxion/index.php(13): CApplication->run()
#3 {main}
REQUEST_URI=/naturaxion/img/img7.jpg
HTTP_REFERER=http://www.dealrush.in/naturaxion/product?name=pre-prega
---
2017/06/20 10:52:45 [error] [exception.CHttpException.404] exception 'CHttpException' with message 'Unable to resolve the request "img/img8.jpg".' in /home/aromm4vb/public_html/dealrush.in/naturaxion/framework/web/CWebApplication.php:286
Stack trace:
#0 /home/aromm4vb/public_html/dealrush.in/naturaxion/framework/web/CWebApplication.php(141): CWebApplication->runController('img/img8.jpg')
#1 /home/aromm4vb/public_html/dealrush.in/naturaxion/framework/base/CApplication.php(184): CWebApplication->processRequest()
#2 /home/aromm4vb/public_html/dealrush.in/naturaxion/index.php(13): CApplication->run()
#3 {main}
REQUEST_URI=/naturaxion/img/img8.jpg
HTTP_REFERER=http://www.dealrush.in/naturaxion/product?name=pre-prega
---
2017/06/20 10:52:45 [error] [exception.CHttpException.404] exception 'CHttpException' with message 'Unable to resolve the request "img/Star.png".' in /home/aromm4vb/public_html/dealrush.in/naturaxion/framework/web/CWebApplication.php:286
Stack trace:
#0 /home/aromm4vb/public_html/dealrush.in/naturaxion/framework/web/CWebApplication.php(141): CWebApplication->runController('img/Star.png')
#1 /home/aromm4vb/public_html/dealrush.in/naturaxion/framework/base/CApplication.php(184): CWebApplication->processRequest()
#2 /home/aromm4vb/public_html/dealrush.in/naturaxion/index.php(13): CApplication->run()
#3 {main}
REQUEST_URI=/naturaxion/img/Star.png
HTTP_REFERER=http://www.dealrush.in/naturaxion/product?name=pre-prega
---
2017/06/20 19:06:32 [error] [exception.CHttpException.404] exception 'CHttpException' with message 'Unable to resolve the request "themes/default/home/img/loading.gif".' in /home/aromm4vb/public_html/dealrush.in/naturaxion/framework/web/CWebApplication.php:286
Stack trace:
#0 /home/aromm4vb/public_html/dealrush.in/naturaxion/framework/web/CWebApplication.php(141): CWebApplication->runController('themes/default/...')
#1 /home/aromm4vb/public_html/dealrush.in/naturaxion/framework/base/CApplication.php(184): CWebApplication->processRequest()
#2 /home/aromm4vb/public_html/dealrush.in/naturaxion/index.php(13): CApplication->run()
#3 {main}
REQUEST_URI=/naturaxion/themes/home/img/loading.gif
HTTP_REFERER=http://dealrush.in/naturaxion/
---
2017/06/20 19:07:14 [error] [exception.CHttpException.404] exception 'CHttpException' with message 'Unable to resolve the request "img/Star.png".' in /home/aromm4vb/public_html/dealrush.in/naturaxion/framework/web/CWebApplication.php:286
Stack trace:
#0 /home/aromm4vb/public_html/dealrush.in/naturaxion/framework/web/CWebApplication.php(141): CWebApplication->runController('img/Star.png')
#1 /home/aromm4vb/public_html/dealrush.in/naturaxion/framework/base/CApplication.php(184): CWebApplication->processRequest()
#2 /home/aromm4vb/public_html/dealrush.in/naturaxion/index.php(13): CApplication->run()
#3 {main}
REQUEST_URI=/naturaxion/img/Star.png
HTTP_REFERER=http://dealrush.in/naturaxion/product?name=pre-prega
---
2017/06/20 19:07:14 [error] [exception.CHttpException.404] exception 'CHttpException' with message 'Unable to resolve the request "img/img6.jpg".' in /home/aromm4vb/public_html/dealrush.in/naturaxion/framework/web/CWebApplication.php:286
Stack trace:
#0 /home/aromm4vb/public_html/dealrush.in/naturaxion/framework/web/CWebApplication.php(141): CWebApplication->runController('img/img6.jpg')
#1 /home/aromm4vb/public_html/dealrush.in/naturaxion/framework/base/CApplication.php(184): CWebApplication->processRequest()
#2 /home/aromm4vb/public_html/dealrush.in/naturaxion/index.php(13): CApplication->run()
#3 {main}
REQUEST_URI=/naturaxion/img/img6.jpg
HTTP_REFERER=http://dealrush.in/naturaxion/product?name=pre-prega
---
2017/06/20 19:07:14 [error] [exception.CHttpException.404] exception 'CHttpException' with message 'Unable to resolve the request "img/img7.jpg".' in /home/aromm4vb/public_html/dealrush.in/naturaxion/framework/web/CWebApplication.php:286
Stack trace:
#0 /home/aromm4vb/public_html/dealrush.in/naturaxion/framework/web/CWebApplication.php(141): CWebApplication->runController('img/img7.jpg')
#1 /home/aromm4vb/public_html/dealrush.in/naturaxion/framework/base/CApplication.php(184): CWebApplication->processRequest()
#2 /home/aromm4vb/public_html/dealrush.in/naturaxion/index.php(13): CApplication->run()
#3 {main}
REQUEST_URI=/naturaxion/img/img7.jpg
HTTP_REFERER=http://dealrush.in/naturaxion/product?name=pre-prega
---
2017/06/20 19:07:14 [error] [exception.CHttpException.404] exception 'CHttpException' with message 'Unable to resolve the request "img/img8.jpg".' in /home/aromm4vb/public_html/dealrush.in/naturaxion/framework/web/CWebApplication.php:286
Stack trace:
#0 /home/aromm4vb/public_html/dealrush.in/naturaxion/framework/web/CWebApplication.php(141): CWebApplication->runController('img/img8.jpg')
#1 /home/aromm4vb/public_html/dealrush.in/naturaxion/framework/base/CApplication.php(184): CWebApplication->processRequest()
#2 /home/aromm4vb/public_html/dealrush.in/naturaxion/index.php(13): CApplication->run()
#3 {main}
REQUEST_URI=/naturaxion/img/img8.jpg
HTTP_REFERER=http://dealrush.in/naturaxion/product?name=pre-prega
---
2017/06/20 19:30:41 [error] [exception.CHttpException.404] exception 'CHttpException' with message 'Unable to resolve the request "themes/default/home/img/loading.gif".' in /home/aromm4vb/public_html/dealrush.in/naturaxion/framework/web/CWebApplication.php:286
Stack trace:
#0 /home/aromm4vb/public_html/dealrush.in/naturaxion/framework/web/CWebApplication.php(141): CWebApplication->runController('themes/default/...')
#1 /home/aromm4vb/public_html/dealrush.in/naturaxion/framework/base/CApplication.php(184): CWebApplication->processRequest()
#2 /home/aromm4vb/public_html/dealrush.in/naturaxion/index.php(13): CApplication->run()
#3 {main}
REQUEST_URI=/naturaxion/themes/home/img/loading.gif
HTTP_REFERER=http://dealrush.in/naturaxion/
---
2017/06/20 19:41:13 [error] [exception.CHttpException.404] exception 'CHttpException' with message 'Unable to resolve the request "themes/default/home/img/loading.gif".' in /home/aromm4vb/public_html/dealrush.in/naturaxion/framework/web/CWebApplication.php:286
Stack trace:
#0 /home/aromm4vb/public_html/dealrush.in/naturaxion/framework/web/CWebApplication.php(141): CWebApplication->runController('themes/default/...')
#1 /home/aromm4vb/public_html/dealrush.in/naturaxion/framework/base/CApplication.php(184): CWebApplication->processRequest()
#2 /home/aromm4vb/public_html/dealrush.in/naturaxion/index.php(13): CApplication->run()
#3 {main}
REQUEST_URI=/naturaxion/themes/home/img/loading.gif
HTTP_REFERER=http://dealrush.in/naturaxion/index.php
---
2017/06/20 19:47:31 [error] [php] Undefined variable: about (/home/aromm4vb/public_html/dealrush.in/naturaxion/protected/modules/home/views/default/index.php:47)
Stack trace:
#0 /home/aromm4vb/public_html/dealrush.in/naturaxion/framework/web/CController.php(869): DefaultController->renderFile()
#1 /home/aromm4vb/public_html/dealrush.in/naturaxion/framework/web/CController.php(782): DefaultController->renderPartial()
#2 /home/aromm4vb/public_html/dealrush.in/naturaxion/protected/modules/home/controllers/DefaultController.php(19): DefaultController->render()
#3 /home/aromm4vb/public_html/dealrush.in/naturaxion/framework/web/actions/CInlineAction.php(49): DefaultController->actionIndex()
#4 /home/aromm4vb/public_html/dealrush.in/naturaxion/framework/web/CController.php(308): CInlineAction->runWithParams()
#5 /home/aromm4vb/public_html/dealrush.in/naturaxion/framework/web/CController.php(286): DefaultController->runAction()
#6 /home/aromm4vb/public_html/dealrush.in/naturaxion/framework/web/CController.php(265): DefaultController->runActionWithFilters()
#7 /home/aromm4vb/public_html/dealrush.in/naturaxion/framework/web/CWebApplication.php(282): DefaultController->run()
#8 /home/aromm4vb/public_html/dealrush.in/naturaxion/framework/web/CWebApplication.php(141): CWebApplication->runController()
#9 /home/aromm4vb/public_html/dealrush.in/naturaxion/framework/base/CApplication.php(184): CWebApplication->processRequest()
#10 /home/aromm4vb/public_html/dealrush.in/naturaxion/index.php(13): CWebApplication->run()
REQUEST_URI=/naturaxion/index.php
in /home/aromm4vb/public_html/dealrush.in/naturaxion/protected/modules/home/views/default/index.php (47)
in /home/aromm4vb/public_html/dealrush.in/naturaxion/protected/modules/home/controllers/DefaultController.php (19)
in /home/aromm4vb/public_html/dealrush.in/naturaxion/index.php (13)
2017/06/20 20:05:02 [error] [system.db.CDbCommand] CDbCommand::fetchAll() failed: SQLSTATE[42S02]: Base table or view not found: 1146 Table 'aromm4vb_naturaxion.related_products' doesn't exist. The SQL statement executed was: SHOW FULL COLUMNS FROM `related_products`.
in /home/aromm4vb/public_html/dealrush.in/naturaxion/protected/modules/admin/controllers/ProductController.php (32)
in /home/aromm4vb/public_html/dealrush.in/naturaxion/index.php (13)
2017/06/20 20:05:02 [error] [exception.CDbException] exception 'CDbException' with message 'The table "related_products" for active record class "RelatedProducts" cannot be found in the database.' in /home/aromm4vb/public_html/dealrush.in/naturaxion/framework/db/ar/CActiveRecord.php:2385
Stack trace:
#0 /home/aromm4vb/public_html/dealrush.in/naturaxion/framework/db/ar/CActiveRecord.php(411): CActiveRecordMetaData->__construct(Object(RelatedProducts))
#1 /home/aromm4vb/public_html/dealrush.in/naturaxion/framework/db/ar/CActiveRecord.php(79): CActiveRecord->getMetaData()
#2 /home/aromm4vb/public_html/dealrush.in/naturaxion/protected/modules/admin/controllers/ProductController.php(32): CActiveRecord->__construct('search')
#3 [internal function]: ProductController->actionView('3bbc73ac-ff05-d...')
#4 /home/aromm4vb/public_html/dealrush.in/naturaxion/framework/web/actions/CAction.php(109): ReflectionMethod->invokeArgs(Object(ProductController), Array)
#5 /home/aromm4vb/public_html/dealrush.in/naturaxion/framework/web/actions/CInlineAction.php(47): CAction->runWithParamsInternal(Object(ProductController), Object(ReflectionMethod), Array)
#6 /home/aromm4vb/public_html/dealrush.in/naturaxion/framework/web/CController.php(308): CInlineAction->runWithParams(Array)
#7 /home/aromm4vb/public_html/dealrush.in/naturaxion/framework/web/CController.php(286): CController->runAction(Object(CInlineAction))
#8 /home/aromm4vb/public_html/dealrush.in/naturaxion/framework/web/CController.php(265): CController->runActionWithFilters(Object(CInlineAction), Array)
#9 /home/aromm4vb/public_html/dealrush.in/naturaxion/framework/web/CWebApplication.php(282): CController->run('view')
#10 /home/aromm4vb/public_html/dealrush.in/naturaxion/framework/web/CWebApplication.php(141): CWebApplication->runController('admin/product/v...')
#11 /home/aromm4vb/public_html/dealrush.in/naturaxion/framework/base/CApplication.php(184): CWebApplication->processRequest()
#12 /home/aromm4vb/public_html/dealrush.in/naturaxion/index.php(13): CApplication->run()
#13 {main}
REQUEST_URI=/naturaxion/index.php/admin/product/view?id=3bbc73ac-ff05-d28b-73d1-59497f34f4c6
HTTP_REFERER=http://dealrush.in/naturaxion/admin/product/create
---
2017/06/21 05:49:40 [error] [exception.CHttpException.404] exception 'CHttpException' with message 'Unable to resolve the request "themes/default/home/img/loading.gif".' in /home/aromm4vb/public_html/dealrush.in/naturaxion/framework/web/CWebApplication.php:286
Stack trace:
#0 /home/aromm4vb/public_html/dealrush.in/naturaxion/framework/web/CWebApplication.php(141): CWebApplication->runController('themes/default/...')
#1 /home/aromm4vb/public_html/dealrush.in/naturaxion/framework/base/CApplication.php(184): CWebApplication->processRequest()
#2 /home/aromm4vb/public_html/dealrush.in/naturaxion/index.php(13): CApplication->run()
#3 {main}
REQUEST_URI=/naturaxion/themes/home/img/loading.gif
HTTP_REFERER=http://dealrush.in/naturaxion/
---
2017/06/21 09:51:06 [error] [exception.CHttpException.404] exception 'CHttpException' with message 'Unable to resolve the request "themes/default/home/img/loading.gif".' in /home/aromm4vb/public_html/dealrush.in/naturaxion/framework/web/CWebApplication.php:286
Stack trace:
#0 /home/aromm4vb/public_html/dealrush.in/naturaxion/framework/web/CWebApplication.php(141): CWebApplication->runController('themes/default/...')
#1 /home/aromm4vb/public_html/dealrush.in/naturaxion/framework/base/CApplication.php(184): CWebApplication->processRequest()
#2 /home/aromm4vb/public_html/dealrush.in/naturaxion/index.php(13): CApplication->run()
#3 {main}
REQUEST_URI=/naturaxion/themes/home/img/loading.gif
HTTP_REFERER=http://www.dealrush.in/naturaxion/
---
2017/06/21 10:08:09 [error] [exception.CHttpException.404] exception 'CHttpException' with message 'Unable to resolve the request "themes/default/home/img/loading.gif".' in /home/aromm4vb/public_html/dealrush.in/naturaxion/framework/web/CWebApplication.php:286
Stack trace:
#0 /home/aromm4vb/public_html/dealrush.in/naturaxion/framework/web/CWebApplication.php(141): CWebApplication->runController('themes/default/...')
#1 /home/aromm4vb/public_html/dealrush.in/naturaxion/framework/base/CApplication.php(184): CWebApplication->processRequest()
#2 /home/aromm4vb/public_html/dealrush.in/naturaxion/index.php(13): CApplication->run()
#3 {main}
REQUEST_URI=/naturaxion/themes/home/img/loading.gif
HTTP_REFERER=http://www.dealrush.in/naturaxion/
---
2017/06/22 05:30:39 [error] [exception.CHttpException.404] exception 'CHttpException' with message 'Unable to resolve the request "themes/default/home/img/loading.gif".' in /home/aromm4vb/public_html/dealrush.in/naturaxion/framework/web/CWebApplication.php:286
Stack trace:
#0 /home/aromm4vb/public_html/dealrush.in/naturaxion/framework/web/CWebApplication.php(141): CWebApplication->runController('themes/default/...')
#1 /home/aromm4vb/public_html/dealrush.in/naturaxion/framework/base/CApplication.php(184): CWebApplication->processRequest()
#2 /home/aromm4vb/public_html/dealrush.in/naturaxion/index.php(13): CApplication->run()
#3 {main}
REQUEST_URI=/naturaxion/themes/home/img/loading.gif
HTTP_REFERER=http://www.dealrush.in/naturaxion/
---
2017/06/22 05:31:30 [error] [exception.CHttpException.404] exception 'CHttpException' with message 'Unable to resolve the request "null".' in /home/aromm4vb/public_html/dealrush.in/naturaxion/framework/web/CWebApplication.php:286
Stack trace:
#0 /home/aromm4vb/public_html/dealrush.in/naturaxion/framework/web/CWebApplication.php(141): CWebApplication->runController('null')
#1 /home/aromm4vb/public_html/dealrush.in/naturaxion/framework/base/CApplication.php(184): CWebApplication->processRequest()
#2 /home/aromm4vb/public_html/dealrush.in/naturaxion/index.php(13): CApplication->run()
#3 {main}
REQUEST_URI=/naturaxion/null
---
2017/06/22 05:34:11 [error] [exception.CHttpException.404] exception 'CHttpException' with message 'Unable to resolve the request "themes/default/home/img/loading.gif".' in /home/aromm4vb/public_html/dealrush.in/naturaxion/framework/web/CWebApplication.php:286
Stack trace:
#0 /home/aromm4vb/public_html/dealrush.in/naturaxion/framework/web/CWebApplication.php(141): CWebApplication->runController('themes/default/...')
#1 /home/aromm4vb/public_html/dealrush.in/naturaxion/framework/base/CApplication.php(184): CWebApplication->processRequest()
#2 /home/aromm4vb/public_html/dealrush.in/naturaxion/index.php(13): CApplication->run()
#3 {main}
REQUEST_URI=/naturaxion/themes/home/img/loading.gif
HTTP_REFERER=http://www.dealrush.in/naturaxion/
---
2017/06/23 06:15:26 [error] [exception.CHttpException.404] exception 'CHttpException' with message 'Unable to resolve the request "themes/default/home/img/loading.gif".' in /home/aromm4vb/public_html/dealrush.in/naturaxion/framework/web/CWebApplication.php:286
Stack trace:
#0 /home/aromm4vb/public_html/dealrush.in/naturaxion/framework/web/CWebApplication.php(141): CWebApplication->runController('themes/default/...')
#1 /home/aromm4vb/public_html/dealrush.in/naturaxion/framework/base/CApplication.php(184): CWebApplication->processRequest()
#2 /home/aromm4vb/public_html/dealrush.in/naturaxion/index.php(13): CApplication->run()
#3 {main}
REQUEST_URI=/naturaxion/themes/home/img/loading.gif
HTTP_REFERER=http://www.dealrush.in/naturaxion/
---
2017/06/25 06:14:17 [error] [exception.CHttpException.404] exception 'CHttpException' with message 'Unable to resolve the request "themes/default/home/img/loading.gif".' in /home/aromm4vb/public_html/dealrush.in/naturaxion/framework/web/CWebApplication.php:286
Stack trace:
#0 /home/aromm4vb/public_html/dealrush.in/naturaxion/framework/web/CWebApplication.php(141): CWebApplication->runController('themes/default/...')
#1 /home/aromm4vb/public_html/dealrush.in/naturaxion/framework/base/CApplication.php(184): CWebApplication->processRequest()
#2 /home/aromm4vb/public_html/dealrush.in/naturaxion/index.php(13): CApplication->run()
#3 {main}
REQUEST_URI=/naturaxion/themes/home/img/loading.gif
HTTP_REFERER=http://www.dealrush.in/naturaxion/
---
2017/06/25 06:14:30 [error] [exception.CHttpException.404] exception 'CHttpException' with message 'Unable to resolve the request "themes/default/home/img/loading.gif".' in /home/aromm4vb/public_html/dealrush.in/naturaxion/framework/web/CWebApplication.php:286
Stack trace:
#0 /home/aromm4vb/public_html/dealrush.in/naturaxion/framework/web/CWebApplication.php(141): CWebApplication->runController('themes/default/...')
#1 /home/aromm4vb/public_html/dealrush.in/naturaxion/framework/base/CApplication.php(184): CWebApplication->processRequest()
#2 /home/aromm4vb/public_html/dealrush.in/naturaxion/index.php(13): CApplication->run()
#3 {main}
REQUEST_URI=/naturaxion/themes/home/img/loading.gif
HTTP_REFERER=http://www.dealrush.in/naturaxion/
---
2017/06/25 15:09:18 [error] [exception.CHttpException.404] exception 'CHttpException' with message 'Unable to resolve the request "themes/default/home/img/loading.gif".' in /home/aromm4vb/public_html/dealrush.in/naturaxion/framework/web/CWebApplication.php:286
Stack trace:
#0 /home/aromm4vb/public_html/dealrush.in/naturaxion/framework/web/CWebApplication.php(141): CWebApplication->runController('themes/default/...')
#1 /home/aromm4vb/public_html/dealrush.in/naturaxion/framework/base/CApplication.php(184): CWebApplication->processRequest()
#2 /home/aromm4vb/public_html/dealrush.in/naturaxion/index.php(13): CApplication->run()
#3 {main}
REQUEST_URI=/naturaxion/themes/home/img/loading.gif
HTTP_REFERER=http://www.dealrush.in/naturaxion/
---
2017/06/26 11:51:17 [error] [exception.CHttpException.404] exception 'CHttpException' with message 'Unable to resolve the request "themes/default/home/img/loading.gif".' in /home/aromm4vb/public_html/dealrush.in/naturaxion/framework/web/CWebApplication.php:286
Stack trace:
#0 /home/aromm4vb/public_html/dealrush.in/naturaxion/framework/web/CWebApplication.php(141): CWebApplication->runController('themes/default/...')
#1 /home/aromm4vb/public_html/dealrush.in/naturaxion/framework/base/CApplication.php(184): CWebApplication->processRequest()
#2 /home/aromm4vb/public_html/dealrush.in/naturaxion/index.php(13): CApplication->run()
#3 {main}
REQUEST_URI=/naturaxion/themes/home/img/loading.gif
HTTP_REFERER=http://dealrush.in/naturaxion/
---
2017/06/26 11:52:13 [error] [exception.CHttpException.404] exception 'CHttpException' with message 'Unable to resolve the request "themes/default/home/img/loading.gif".' in /home/aromm4vb/public_html/dealrush.in/naturaxion/framework/web/CWebApplication.php:286
Stack trace:
#0 /home/aromm4vb/public_html/dealrush.in/naturaxion/framework/web/CWebApplication.php(141): CWebApplication->runController('themes/default/...')
#1 /home/aromm4vb/public_html/dealrush.in/naturaxion/framework/base/CApplication.php(184): CWebApplication->processRequest()
#2 /home/aromm4vb/public_html/dealrush.in/naturaxion/index.php(13): CApplication->run()
#3 {main}
REQUEST_URI=/naturaxion/themes/home/img/loading.gif
HTTP_REFERER=http://dealrush.in/naturaxion/index.php
---
2017/06/26 11:52:18 [error] [exception.CHttpException.404] exception 'CHttpException' with message 'Unable to resolve the request "img/Star.png".' in /home/aromm4vb/public_html/dealrush.in/naturaxion/framework/web/CWebApplication.php:286
Stack trace:
#0 /home/aromm4vb/public_html/dealrush.in/naturaxion/framework/web/CWebApplication.php(141): CWebApplication->runController('img/Star.png')
#1 /home/aromm4vb/public_html/dealrush.in/naturaxion/framework/base/CApplication.php(184): CWebApplication->processRequest()
#2 /home/aromm4vb/public_html/dealrush.in/naturaxion/index.php(13): CApplication->run()
#3 {main}
REQUEST_URI=/naturaxion/img/Star.png
HTTP_REFERER=http://dealrush.in/naturaxion/product?name=yoyo-condoms
---
2017/06/26 11:52:18 [error] [exception.CHttpException.404] exception 'CHttpException' with message 'Unable to resolve the request "img/img6.jpg".' in /home/aromm4vb/public_html/dealrush.in/naturaxion/framework/web/CWebApplication.php:286
Stack trace:
#0 /home/aromm4vb/public_html/dealrush.in/naturaxion/framework/web/CWebApplication.php(141): CWebApplication->runController('img/img6.jpg')
#1 /home/aromm4vb/public_html/dealrush.in/naturaxion/framework/base/CApplication.php(184): CWebApplication->processRequest()
#2 /home/aromm4vb/public_html/dealrush.in/naturaxion/index.php(13): CApplication->run()
#3 {main}
REQUEST_URI=/naturaxion/img/img6.jpg
HTTP_REFERER=http://dealrush.in/naturaxion/product?name=yoyo-condoms
---
2017/06/26 11:52:18 [error] [exception.CHttpException.404] exception 'CHttpException' with message 'Unable to resolve the request "img/img7.jpg".' in /home/aromm4vb/public_html/dealrush.in/naturaxion/framework/web/CWebApplication.php:286
Stack trace:
#0 /home/aromm4vb/public_html/dealrush.in/naturaxion/framework/web/CWebApplication.php(141): CWebApplication->runController('img/img7.jpg')
#1 /home/aromm4vb/public_html/dealrush.in/naturaxion/framework/base/CApplication.php(184): CWebApplication->processRequest()
#2 /home/aromm4vb/public_html/dealrush.in/naturaxion/index.php(13): CApplication->run()
#3 {main}
REQUEST_URI=/naturaxion/img/img7.jpg
HTTP_REFERER=http://dealrush.in/naturaxion/product?name=yoyo-condoms
---
2017/06/26 11:52:19 [error] [exception.CHttpException.404] exception 'CHttpException' with message 'Unable to resolve the request "img/img8.jpg".' in /home/aromm4vb/public_html/dealrush.in/naturaxion/framework/web/CWebApplication.php:286
Stack trace:
#0 /home/aromm4vb/public_html/dealrush.in/naturaxion/framework/web/CWebApplication.php(141): CWebApplication->runController('img/img8.jpg')
#1 /home/aromm4vb/public_html/dealrush.in/naturaxion/framework/base/CApplication.php(184): CWebApplication->processRequest()
#2 /home/aromm4vb/public_html/dealrush.in/naturaxion/index.php(13): CApplication->run()
#3 {main}
REQUEST_URI=/naturaxion/img/img8.jpg
HTTP_REFERER=http://dealrush.in/naturaxion/product?name=yoyo-condoms
---
2017/06/26 11:52:35 [error] [exception.CHttpException.404] exception 'CHttpException' with message 'Unable to resolve the request "themes/default/home/img/loading.gif".' in /home/aromm4vb/public_html/dealrush.in/naturaxion/framework/web/CWebApplication.php:286
Stack trace:
#0 /home/aromm4vb/public_html/dealrush.in/naturaxion/framework/web/CWebApplication.php(141): CWebApplication->runController('themes/default/...')
#1 /home/aromm4vb/public_html/dealrush.in/naturaxion/framework/base/CApplication.php(184): CWebApplication->processRequest()
#2 /home/aromm4vb/public_html/dealrush.in/naturaxion/index.php(13): CApplication->run()
#3 {main}
REQUEST_URI=/naturaxion/themes/home/img/loading.gif
HTTP_REFERER=http://dealrush.in/naturaxion/
---
2017/06/26 11:52:46 [error] [exception.CHttpException.404] exception 'CHttpException' with message 'Unable to resolve the request "img/Star.png".' in /home/aromm4vb/public_html/dealrush.in/naturaxion/framework/web/CWebApplication.php:286
Stack trace:
#0 /home/aromm4vb/public_html/dealrush.in/naturaxion/framework/web/CWebApplication.php(141): CWebApplication->runController('img/Star.png')
#1 /home/aromm4vb/public_html/dealrush.in/naturaxion/framework/base/CApplication.php(184): CWebApplication->processRequest()
#2 /home/aromm4vb/public_html/dealrush.in/naturaxion/index.php(13): CApplication->run()
#3 {main}
REQUEST_URI=/naturaxion/img/Star.png
HTTP_REFERER=http://dealrush.in/naturaxion/product?name=pre-prega
---
2017/06/26 11:52:46 [error] [exception.CHttpException.404] exception 'CHttpException' with message 'Unable to resolve the request "img/img7.jpg".' in /home/aromm4vb/public_html/dealrush.in/naturaxion/framework/web/CWebApplication.php:286
Stack trace:
#0 /home/aromm4vb/public_html/dealrush.in/naturaxion/framework/web/CWebApplication.php(141): CWebApplication->runController('img/img7.jpg')
#1 /home/aromm4vb/public_html/dealrush.in/naturaxion/framework/base/CApplication.php(184): CWebApplication->processRequest()
#2 /home/aromm4vb/public_html/dealrush.in/naturaxion/index.php(13): CApplication->run()
#3 {main}
REQUEST_URI=/naturaxion/img/img7.jpg
HTTP_REFERER=http://dealrush.in/naturaxion/product?name=pre-prega
---
2017/06/26 11:52:47 [error] [exception.CHttpException.404] exception 'CHttpException' with message 'Unable to resolve the request "img/img8.jpg".' in /home/aromm4vb/public_html/dealrush.in/naturaxion/framework/web/CWebApplication.php:286
Stack trace:
#0 /home/aromm4vb/public_html/dealrush.in/naturaxion/framework/web/CWebApplication.php(141): CWebApplication->runController('img/img8.jpg')
#1 /home/aromm4vb/public_html/dealrush.in/naturaxion/framework/base/CApplication.php(184): CWebApplication->processRequest()
#2 /home/aromm4vb/public_html/dealrush.in/naturaxion/index.php(13): CApplication->run()
#3 {main}
REQUEST_URI=/naturaxion/img/img8.jpg
HTTP_REFERER=http://dealrush.in/naturaxion/product?name=pre-prega
---
2017/06/26 11:52:47 [error] [exception.CHttpException.404] exception 'CHttpException' with message 'Unable to resolve the request "img/img6.jpg".' in /home/aromm4vb/public_html/dealrush.in/naturaxion/framework/web/CWebApplication.php:286
Stack trace:
#0 /home/aromm4vb/public_html/dealrush.in/naturaxion/framework/web/CWebApplication.php(141): CWebApplication->runController('img/img6.jpg')
#1 /home/aromm4vb/public_html/dealrush.in/naturaxion/framework/base/CApplication.php(184): CWebApplication->processRequest()
#2 /home/aromm4vb/public_html/dealrush.in/naturaxion/index.php(13): CApplication->run()
#3 {main}
REQUEST_URI=/naturaxion/img/img6.jpg
HTTP_REFERER=http://dealrush.in/naturaxion/product?name=pre-prega
---
2017/06/27 16:02:38 [error] [exception.CHttpException.404] exception 'CHttpException' with message 'Unable to resolve the request "themes/default/home/img/loading.gif".' in /home/aromm4vb/public_html/dealrush.in/naturaxion/framework/web/CWebApplication.php:286
Stack trace:
#0 /home/aromm4vb/public_html/dealrush.in/naturaxion/framework/web/CWebApplication.php(141): CWebApplication->runController('themes/default/...')
#1 /home/aromm4vb/public_html/dealrush.in/naturaxion/framework/base/CApplication.php(184): CWebApplication->processRequest()
#2 /home/aromm4vb/public_html/dealrush.in/naturaxion/index.php(13): CApplication->run()
#3 {main}
REQUEST_URI=/naturaxion/themes/home/img/loading.gif
HTTP_REFERER=http://dealrush.in/naturaxion/
---
2017/06/28 12:57:16 [error] [exception.CHttpException.404] exception 'CHttpException' with message 'Unable to resolve the request "themes/default/home/img/loading.gif".' in /home/aromm4vb/public_html/dealrush.in/naturaxion/framework/web/CWebApplication.php:286
Stack trace:
#0 /home/aromm4vb/public_html/dealrush.in/naturaxion/framework/web/CWebApplication.php(141): CWebApplication->runController('themes/default/...')
#1 /home/aromm4vb/public_html/dealrush.in/naturaxion/framework/base/CApplication.php(184): CWebApplication->processRequest()
#2 /home/aromm4vb/public_html/dealrush.in/naturaxion/index.php(13): CApplication->run()
#3 {main}
REQUEST_URI=/naturaxion/themes/home/img/loading.gif
HTTP_REFERER=http://dealrush.in/naturaxion/
---
2017/06/29 11:44:37 [error] [exception.CHttpException.404] exception 'CHttpException' with message 'Unable to resolve the request "themes/default/home/img/loading.gif".' in /home/aromm4vb/public_html/dealrush.in/naturaxion/framework/web/CWebApplication.php:286
Stack trace:
#0 /home/aromm4vb/public_html/dealrush.in/naturaxion/framework/web/CWebApplication.php(141): CWebApplication->runController('themes/default/...')
#1 /home/aromm4vb/public_html/dealrush.in/naturaxion/framework/base/CApplication.php(184): CWebApplication->processRequest()
#2 /home/aromm4vb/public_html/dealrush.in/naturaxion/index.php(13): CApplication->run()
#3 {main}
REQUEST_URI=/naturaxion/themes/home/img/loading.gif
HTTP_REFERER=http://dealrush.in/naturaxion/
---
2017/06/29 11:45:36 [error] [exception.CHttpException.404] exception 'CHttpException' with message 'Unable to resolve the request "themes/default/home/img/loading.gif".' in /home/aromm4vb/public_html/dealrush.in/naturaxion/framework/web/CWebApplication.php:286
Stack trace:
#0 /home/aromm4vb/public_html/dealrush.in/naturaxion/framework/web/CWebApplication.php(141): CWebApplication->runController('themes/default/...')
#1 /home/aromm4vb/public_html/dealrush.in/naturaxion/framework/base/CApplication.php(184): CWebApplication->processRequest()
#2 /home/aromm4vb/public_html/dealrush.in/naturaxion/index.php(13): CApplication->run()
#3 {main}
REQUEST_URI=/naturaxion/themes/home/img/loading.gif
HTTP_REFERER=http://dealrush.in/naturaxion/
---
2017/07/03 16:03:46 [error] [exception.CHttpException.404] exception 'CHttpException' with message 'Unable to resolve the request "themes/default/home/img/loading.gif".' in /home/aromm4vb/public_html/dealrush.in/naturaxion/framework/web/CWebApplication.php:286
Stack trace:
#0 /home/aromm4vb/public_html/dealrush.in/naturaxion/framework/web/CWebApplication.php(141): CWebApplication->runController('themes/default/...')
#1 /home/aromm4vb/public_html/dealrush.in/naturaxion/framework/base/CApplication.php(184): CWebApplication->processRequest()
#2 /home/aromm4vb/public_html/dealrush.in/naturaxion/index.php(13): CApplication->run()
#3 {main}
REQUEST_URI=/naturaxion/themes/home/img/loading.gif
HTTP_REFERER=http://www.dealrush.in/naturaxion/
---
2017/07/03 16:06:07 [error] [exception.CHttpException.404] exception 'CHttpException' with message 'Unable to resolve the request "img/img6.jpg".' in /home/aromm4vb/public_html/dealrush.in/naturaxion/framework/web/CWebApplication.php:286
Stack trace:
#0 /home/aromm4vb/public_html/dealrush.in/naturaxion/framework/web/CWebApplication.php(141): CWebApplication->runController('img/img6.jpg')
#1 /home/aromm4vb/public_html/dealrush.in/naturaxion/framework/base/CApplication.php(184): CWebApplication->processRequest()
#2 /home/aromm4vb/public_html/dealrush.in/naturaxion/index.php(13): CApplication->run()
#3 {main}
REQUEST_URI=/naturaxion/img/img6.jpg
HTTP_REFERER=http://www.dealrush.in/naturaxion/product?name=pre-prega
---
2017/07/03 16:06:07 [error] [exception.CHttpException.404] exception 'CHttpException' with message 'Unable to resolve the request "img/Star.png".' in /home/aromm4vb/public_html/dealrush.in/naturaxion/framework/web/CWebApplication.php:286
Stack trace:
#0 /home/aromm4vb/public_html/dealrush.in/naturaxion/framework/web/CWebApplication.php(141): CWebApplication->runController('img/Star.png')
#1 /home/aromm4vb/public_html/dealrush.in/naturaxion/framework/base/CApplication.php(184): CWebApplication->processRequest()
#2 /home/aromm4vb/public_html/dealrush.in/naturaxion/index.php(13): CApplication->run()
#3 {main}
REQUEST_URI=/naturaxion/img/Star.png
HTTP_REFERER=http://www.dealrush.in/naturaxion/product?name=pre-prega
---
2017/07/03 16:06:07 [error] [exception.CHttpException.404] exception 'CHttpException' with message 'Unable to resolve the request "img/img7.jpg".' in /home/aromm4vb/public_html/dealrush.in/naturaxion/framework/web/CWebApplication.php:286
Stack trace:
#0 /home/aromm4vb/public_html/dealrush.in/naturaxion/framework/web/CWebApplication.php(141): CWebApplication->runController('img/img7.jpg')
#1 /home/aromm4vb/public_html/dealrush.in/naturaxion/framework/base/CApplication.php(184): CWebApplication->processRequest()
#2 /home/aromm4vb/public_html/dealrush.in/naturaxion/index.php(13): CApplication->run()
#3 {main}
REQUEST_URI=/naturaxion/img/img7.jpg
HTTP_REFERER=http://www.dealrush.in/naturaxion/product?name=pre-prega
---
2017/07/03 16:06:07 [error] [exception.CHttpException.404] exception 'CHttpException' with message 'Unable to resolve the request "img/img8.jpg".' in /home/aromm4vb/public_html/dealrush.in/naturaxion/framework/web/CWebApplication.php:286
Stack trace:
#0 /home/aromm4vb/public_html/dealrush.in/naturaxion/framework/web/CWebApplication.php(141): CWebApplication->runController('img/img8.jpg')
#1 /home/aromm4vb/public_html/dealrush.in/naturaxion/framework/base/CApplication.php(184): CWebApplication->processRequest()
#2 /home/aromm4vb/public_html/dealrush.in/naturaxion/index.php(13): CApplication->run()
#3 {main}
REQUEST_URI=/naturaxion/img/img8.jpg
HTTP_REFERER=http://www.dealrush.in/naturaxion/product?name=pre-prega
---
2017/07/03 16:08:26 [error] [exception.CHttpException.404] exception 'CHttpException' with message 'Unable to resolve the request "themes/default/home/img/loading.gif".' in /home/aromm4vb/public_html/dealrush.in/naturaxion/framework/web/CWebApplication.php:286
Stack trace:
#0 /home/aromm4vb/public_html/dealrush.in/naturaxion/framework/web/CWebApplication.php(141): CWebApplication->runController('themes/default/...')
#1 /home/aromm4vb/public_html/dealrush.in/naturaxion/framework/base/CApplication.php(184): CWebApplication->processRequest()
#2 /home/aromm4vb/public_html/dealrush.in/naturaxion/index.php(13): CApplication->run()
#3 {main}
REQUEST_URI=/naturaxion/themes/home/img/loading.gif
HTTP_REFERER=http://dealrush.in/naturaxion/
---
2017/07/03 16:08:45 [error] [exception.CHttpException.404] exception 'CHttpException' with message 'Unable to resolve the request "img/img7.jpg".' in /home/aromm4vb/public_html/dealrush.in/naturaxion/framework/web/CWebApplication.php:286
Stack trace:
#0 /home/aromm4vb/public_html/dealrush.in/naturaxion/framework/web/CWebApplication.php(141): CWebApplication->runController('img/img7.jpg')
#1 /home/aromm4vb/public_html/dealrush.in/naturaxion/framework/base/CApplication.php(184): CWebApplication->processRequest()
#2 /home/aromm4vb/public_html/dealrush.in/naturaxion/index.php(13): CApplication->run()
#3 {main}
REQUEST_URI=/naturaxion/img/img7.jpg
HTTP_REFERER=http://dealrush.in/naturaxion/product?name=pre-prega
---
2017/07/03 16:08:45 [error] [exception.CHttpException.404] exception 'CHttpException' with message 'Unable to resolve the request "img/Star.png".' in /home/aromm4vb/public_html/dealrush.in/naturaxion/framework/web/CWebApplication.php:286
Stack trace:
#0 /home/aromm4vb/public_html/dealrush.in/naturaxion/framework/web/CWebApplication.php(141): CWebApplication->runController('img/Star.png')
#1 /home/aromm4vb/public_html/dealrush.in/naturaxion/framework/base/CApplication.php(184): CWebApplication->processRequest()
#2 /home/aromm4vb/public_html/dealrush.in/naturaxion/index.php(13): CApplication->run()
#3 {main}
REQUEST_URI=/naturaxion/img/Star.png
HTTP_REFERER=http://dealrush.in/naturaxion/product?name=pre-prega
---
2017/07/03 16:08:45 [error] [exception.CHttpException.404] exception 'CHttpException' with message 'Unable to resolve the request "img/img6.jpg".' in /home/aromm4vb/public_html/dealrush.in/naturaxion/framework/web/CWebApplication.php:286
Stack trace:
#0 /home/aromm4vb/public_html/dealrush.in/naturaxion/framework/web/CWebApplication.php(141): CWebApplication->runController('img/img6.jpg')
#1 /home/aromm4vb/public_html/dealrush.in/naturaxion/framework/base/CApplication.php(184): CWebApplication->processRequest()
#2 /home/aromm4vb/public_html/dealrush.in/naturaxion/index.php(13): CApplication->run()
#3 {main}
REQUEST_URI=/naturaxion/img/img6.jpg
HTTP_REFERER=http://dealrush.in/naturaxion/product?name=pre-prega
---
2017/07/03 16:08:45 [error] [exception.CHttpException.404] exception 'CHttpException' with message 'Unable to resolve the request "img/img8.jpg".' in /home/aromm4vb/public_html/dealrush.in/naturaxion/framework/web/CWebApplication.php:286
Stack trace:
#0 /home/aromm4vb/public_html/dealrush.in/naturaxion/framework/web/CWebApplication.php(141): CWebApplication->runController('img/img8.jpg')
#1 /home/aromm4vb/public_html/dealrush.in/naturaxion/framework/base/CApplication.php(184): CWebApplication->processRequest()
#2 /home/aromm4vb/public_html/dealrush.in/naturaxion/index.php(13): CApplication->run()
#3 {main}
REQUEST_URI=/naturaxion/img/img8.jpg
HTTP_REFERER=http://dealrush.in/naturaxion/product?name=pre-prega
---
2017/07/05 08:42:40 [error] [exception.CHttpException.404] exception 'CHttpException' with message 'Unable to resolve the request "themes/default/home/img/loading.gif".' in /home/aromm4vb/public_html/dealrush.in/naturaxion/framework/web/CWebApplication.php:286
Stack trace:
#0 /home/aromm4vb/public_html/dealrush.in/naturaxion/framework/web/CWebApplication.php(141): CWebApplication->runController('themes/default/...')
#1 /home/aromm4vb/public_html/dealrush.in/naturaxion/framework/base/CApplication.php(184): CWebApplication->processRequest()
#2 /home/aromm4vb/public_html/dealrush.in/naturaxion/index.php(13): CApplication->run()
#3 {main}
REQUEST_URI=/naturaxion/themes/home/img/loading.gif
HTTP_REFERER=http://www.dealrush.in/naturaxion/
---
2017/07/17 17:35:02 [error] [exception.CHttpException.404] exception 'CHttpException' with message 'Unable to resolve the request "themes/default/home/img/loading.gif".' in /home/aromm4vb/public_html/dealrush.in/naturaxion/framework/web/CWebApplication.php:286
Stack trace:
#0 /home/aromm4vb/public_html/dealrush.in/naturaxion/framework/web/CWebApplication.php(141): CWebApplication->runController('themes/default/...')
#1 /home/aromm4vb/public_html/dealrush.in/naturaxion/framework/base/CApplication.php(184): CWebApplication->processRequest()
#2 /home/aromm4vb/public_html/dealrush.in/naturaxion/index.php(13): CApplication->run()
#3 {main}
REQUEST_URI=/naturaxion/themes/home/img/loading.gif
HTTP_REFERER=http://dealrush.in/naturaxion/
---
2017/07/18 11:56:24 [error] [exception.CHttpException.404] exception 'CHttpException' with message 'Unable to resolve the request "themes/default/home/img/loading.gif".' in /home/aromm4vb/public_html/dealrush.in/naturaxion/framework/web/CWebApplication.php:286
Stack trace:
#0 /home/aromm4vb/public_html/dealrush.in/naturaxion/framework/web/CWebApplication.php(141): CWebApplication->runController('themes/default/...')
#1 /home/aromm4vb/public_html/dealrush.in/naturaxion/framework/base/CApplication.php(184): CWebApplication->processRequest()
#2 /home/aromm4vb/public_html/dealrush.in/naturaxion/index.php(13): CApplication->run()
#3 {main}
REQUEST_URI=/naturaxion/themes/home/img/loading.gif
HTTP_REFERER=http://dealrush.in/naturaxion/
---
2017/07/18 13:27:50 [error] [exception.CHttpException.404] exception 'CHttpException' with message 'Unable to resolve the request "themes/default/home/img/loading.gif".' in /home/aromm4vb/public_html/dealrush.in/naturaxion/framework/web/CWebApplication.php:286
Stack trace:
#0 /home/aromm4vb/public_html/dealrush.in/naturaxion/framework/web/CWebApplication.php(141): CWebApplication->runController('themes/default/...')
#1 /home/aromm4vb/public_html/dealrush.in/naturaxion/framework/base/CApplication.php(184): CWebApplication->processRequest()
#2 /home/aromm4vb/public_html/dealrush.in/naturaxion/index.php(13): CApplication->run()
#3 {main}
REQUEST_URI=/naturaxion/themes/home/img/loading.gif
HTTP_REFERER=http://dealrush.in/naturaxion/
---
2017/07/22 14:29:36 [error] [exception.CHttpException.404] exception 'CHttpException' with message 'Unable to resolve the request "themes/default/home/img/loading.gif".' in /home/aromm4vb/public_html/dealrush.in/naturaxion/framework/web/CWebApplication.php:286
Stack trace:
#0 /home/aromm4vb/public_html/dealrush.in/naturaxion/framework/web/CWebApplication.php(141): CWebApplication->runController('themes/default/...')
#1 /home/aromm4vb/public_html/dealrush.in/naturaxion/framework/base/CApplication.php(184): CWebApplication->processRequest()
#2 /home/aromm4vb/public_html/dealrush.in/naturaxion/index.php(13): CApplication->run()
#3 {main}
REQUEST_URI=/naturaxion/themes/home/img/loading.gif
HTTP_REFERER=http://dealrush.in/naturaxion/
---
2017/07/22 17:13:39 [error] [php] Trying to get property of non-object (/home/aromm4vb/public_html/dealrush.in/naturaxion/protected/modules/home/views/default/detail.php:82)
Stack trace:
#0 /home/aromm4vb/public_html/dealrush.in/naturaxion/framework/web/CController.php(869): DefaultController->renderFile()
#1 /home/aromm4vb/public_html/dealrush.in/naturaxion/framework/web/CController.php(782): DefaultController->renderPartial()
#2 /home/aromm4vb/public_html/dealrush.in/naturaxion/protected/modules/home/controllers/DefaultController.php(50): DefaultController->render()
#3 unknown(0): DefaultController->actionProduct()
#4 /home/aromm4vb/public_html/dealrush.in/naturaxion/framework/web/actions/CAction.php(109): ReflectionMethod->invokeArgs()
#5 /home/aromm4vb/public_html/dealrush.in/naturaxion/framework/web/actions/CInlineAction.php(47): CInlineAction->runWithParamsInternal()
#6 /home/aromm4vb/public_html/dealrush.in/naturaxion/framework/web/CController.php(308): CInlineAction->runWithParams()
#7 /home/aromm4vb/public_html/dealrush.in/naturaxion/framework/web/CController.php(286): DefaultController->runAction()
#8 /home/aromm4vb/public_html/dealrush.in/naturaxion/framework/web/CController.php(265): DefaultController->runActionWithFilters()
#9 /home/aromm4vb/public_html/dealrush.in/naturaxion/framework/web/CWebApplication.php(282): DefaultController->run()
#10 /home/aromm4vb/public_html/dealrush.in/naturaxion/framework/web/CWebApplication.php(141): CWebApplication->runController()
#11 /home/aromm4vb/public_html/dealrush.in/naturaxion/framework/base/CApplication.php(184): CWebApplication->processRequest()
#12 /home/aromm4vb/public_html/dealrush.in/naturaxion/index.php(13): CWebApplication->run()
REQUEST_URI=/naturaxion/product?name=PM-001
in /home/aromm4vb/public_html/dealrush.in/naturaxion/protected/modules/home/views/default/detail.php (82)
in /home/aromm4vb/public_html/dealrush.in/naturaxion/protected/modules/home/controllers/DefaultController.php (50)
in /home/aromm4vb/public_html/dealrush.in/naturaxion/index.php (13)
2017/08/02 19:28:13 [error] [exception.CHttpException.404] exception 'CHttpException' with message 'Unable to resolve the request "404.php".' in /home/aromm4vb/public_html/dealrush.in/naturaxion/framework/web/CWebApplication.php:286
Stack trace:
#0 /home/aromm4vb/public_html/dealrush.in/naturaxion/framework/web/CWebApplication.php(141): CWebApplication->runController('404.php')
#1 /home/aromm4vb/public_html/dealrush.in/naturaxion/framework/base/CApplication.php(184): CWebApplication->processRequest()
#2 /home/aromm4vb/public_html/dealrush.in/naturaxion/index.php(13): CApplication->run()
#3 {main}
REQUEST_URI=/naturaxion/404.php
---
